2024/06/10 11:45:52 [notice] 1#1: using the "epoll" event method
2024/06/10 11:45:52 [notice] 1#1: nginx/1.27.0
2024/06/10 11:45:52 [notice] 1#1: built by gcc 13.2.1 20231014 (Alpine 13.2.1_git20231014) 
2024/06/10 11:45:52 [notice] 1#1: OS: Linux 5.15.146.1-microsoft-standard-WSL2
2024/06/10 11:45:52 [notice] 1#1: getrlimit(RLIMIT_NOFILE): 1048576:1048576
2024/06/10 11:45:52 [notice] 1#1: start worker processes
2024/06/10 11:45:52 [notice] 1#1: start worker process 29
2024/06/10 11:45:52 [notice] 1#1: start worker process 30
2024/06/10 11:45:52 [notice] 1#1: start worker process 31
2024/06/10 11:45:52 [notice] 1#1: start worker process 32
2024/06/10 11:45:52 [notice] 1#1: start worker process 33
2024/06/10 11:45:52 [notice] 1#1: start worker process 34
2024/06/10 11:45:52 [notice] 1#1: start worker process 35
2024/06/10 11:45:52 [notice] 1#1: start worker process 36
2024/06/10 11:45:52 [notice] 1#1: start worker process 37
2024/06/10 11:45:52 [notice] 1#1: start worker process 38
2024/06/10 11:45:52 [notice] 1#1: start worker process 39
2024/06/10 11:45:52 [notice] 1#1: start worker process 40
2024/06/10 11:47:30 [notice] 1#1: signal 3 (SIGQUIT) received, shutting down
2024/06/10 11:47:30 [notice] 29#29: gracefully shutting down
2024/06/10 11:47:30 [notice] 32#32: gracefully shutting down
2024/06/10 11:47:30 [notice] 33#33: gracefully shutting down
2024/06/10 11:47:30 [notice] 33#33: exiting
2024/06/10 11:47:30 [notice] 35#35: gracefully shutting down
2024/06/10 11:47:30 [notice] 30#30: gracefully shutting down
2024/06/10 11:47:30 [notice] 34#34: gracefully shutting down
2024/06/10 11:47:30 [notice] 36#36: gracefully shutting down
2024/06/10 11:47:30 [notice] 38#38: gracefully shutting down
2024/06/10 11:47:30 [notice] 39#39: gracefully shutting down
2024/06/10 11:47:30 [notice] 31#31: gracefully shutting down
2024/06/10 11:47:30 [notice] 40#40: gracefully shutting down
2024/06/10 11:47:30 [notice] 40#40: exiting
2024/06/10 11:47:30 [notice] 37#37: gracefully shutting down
2024/06/10 11:47:30 [notice] 37#37: exiting
2024/06/10 11:47:30 [notice] 32#32: exiting
2024/06/10 11:47:30 [notice] 33#33: exit
2024/06/10 11:47:30 [notice] 35#35: exiting
2024/06/10 11:47:30 [notice] 30#30: exiting
2024/06/10 11:47:30 [notice] 34#34: exiting
2024/06/10 11:47:30 [notice] 36#36: exiting
2024/06/10 11:47:30 [notice] 38#38: exiting
2024/06/10 11:47:30 [notice] 39#39: exiting
2024/06/10 11:47:30 [notice] 31#31: exiting
2024/06/10 11:47:30 [notice] 40#40: exit
2024/06/10 11:47:30 [notice] 37#37: exit
2024/06/10 11:47:30 [notice] 32#32: exit
2024/06/10 11:47:30 [notice] 35#35: exit
2024/06/10 11:47:30 [notice] 30#30: exit
2024/06/10 11:47:30 [notice] 34#34: exit
2024/06/10 11:47:30 [notice] 36#36: exit
2024/06/10 11:47:30 [notice] 38#38: exit
2024/06/10 11:47:30 [notice] 39#39: exit
2024/06/10 11:47:30 [notice] 31#31: exit
2024/06/10 11:47:30 [notice] 1#1: signal 17 (SIGCHLD) received from 35
2024/06/10 11:47:30 [notice] 1#1: worker process 31 exited with code 0
2024/06/10 11:47:30 [notice] 1#1: worker process 32 exited with code 0
2024/06/10 11:47:30 [notice] 1#1: worker process 35 exited with code 0
2024/06/10 11:47:30 [notice] 1#1: worker process 38 exited with code 0
2024/06/10 11:47:30 [notice] 1#1: worker process 39 exited with code 0
2024/06/10 11:47:30 [notice] 1#1: signal 29 (SIGIO) received
2024/06/10 11:47:30 [notice] 1#1: signal 17 (SIGCHLD) received from 39
2024/06/10 11:47:30 [notice] 1#1: signal 17 (SIGCHLD) received from 40
2024/06/10 11:47:30 [notice] 1#1: worker process 30 exited with code 0
2024/06/10 11:47:30 [notice] 1#1: worker process 36 exited with code 0
2024/06/10 11:47:30 [notice] 1#1: worker process 40 exited with code 0
2024/06/10 11:47:30 [notice] 1#1: signal 29 (SIGIO) received
2024/06/10 11:47:30 [notice] 1#1: signal 17 (SIGCHLD) received from 36
2024/06/10 11:47:30 [notice] 1#1: signal 17 (SIGCHLD) received from 34
2024/06/10 11:47:30 [notice] 1#1: worker process 33 exited with code 0
2024/06/10 11:47:30 [notice] 1#1: worker process 34 exited with code 0
2024/06/10 11:47:30 [notice] 1#1: signal 29 (SIGIO) received
2024/06/10 11:47:30 [notice] 1#1: signal 17 (SIGCHLD) received from 33
2024/06/10 11:47:30 [notice] 1#1: signal 17 (SIGCHLD) received from 37
2024/06/10 11:47:30 [notice] 1#1: worker process 37 exited with code 0
2024/06/10 11:47:30 [notice] 1#1: signal 29 (SIGIO) received
2024/06/10 11:48:23 [notice] 1#1: using the "epoll" event method
2024/06/10 11:48:23 [notice] 1#1: nginx/1.27.0
2024/06/10 11:48:23 [notice] 1#1: built by gcc 13.2.1 20231014 (Alpine 13.2.1_git20231014) 
2024/06/10 11:48:23 [notice] 1#1: OS: Linux 5.15.146.1-microsoft-standard-WSL2
2024/06/10 11:48:23 [notice] 1#1: getrlimit(RLIMIT_NOFILE): 1048576:1048576
2024/06/10 11:48:23 [notice] 1#1: start worker processes
2024/06/10 11:48:23 [notice] 1#1: start worker process 29
2024/06/10 11:48:23 [notice] 1#1: start worker process 30
2024/06/10 11:48:23 [notice] 1#1: start worker process 31
2024/06/10 11:48:23 [notice] 1#1: start worker process 32
2024/06/10 11:48:23 [notice] 1#1: start worker process 33
2024/06/10 11:48:23 [notice] 1#1: start worker process 34
2024/06/10 11:48:23 [notice] 1#1: start worker process 35
2024/06/10 11:48:23 [notice] 1#1: start worker process 36
2024/06/10 11:48:23 [notice] 1#1: start worker process 37
2024/06/10 11:48:23 [notice] 1#1: start worker process 38
2024/06/10 11:48:23 [notice] 1#1: start worker process 39
2024/06/10 11:48:23 [notice] 1#1: start worker process 40
2024/06/10 11:52:40 [notice] 1#1: signal 3 (SIGQUIT) received, shutting down
2024/06/10 11:52:40 [notice] 29#29: gracefully shutting down
2024/06/10 11:52:40 [notice] 30#30: gracefully shutting down
2024/06/10 11:52:40 [notice] 31#31: gracefully shutting down
2024/06/10 11:52:40 [notice] 32#32: gracefully shutting down
2024/06/10 11:52:40 [notice] 32#32: exiting
2024/06/10 11:52:40 [notice] 33#33: gracefully shutting down
2024/06/10 11:52:40 [notice] 34#34: gracefully shutting down
2024/06/10 11:52:40 [notice] 36#36: gracefully shutting down
2024/06/10 11:52:40 [notice] 35#35: gracefully shutting down
2024/06/10 11:52:40 [notice] 37#37: gracefully shutting down
2024/06/10 11:52:40 [notice] 38#38: gracefully shutting down
2024/06/10 11:52:40 [notice] 39#39: gracefully shutting down
2024/06/10 11:52:40 [notice] 40#40: gracefully shutting down
2024/06/10 11:52:40 [notice] 29#29: exiting
2024/06/10 11:52:40 [notice] 30#30: exiting
2024/06/10 11:52:40 [notice] 31#31: exiting
2024/06/10 11:52:40 [notice] 32#32: exit
2024/06/10 11:52:40 [notice] 33#33: exiting
2024/06/10 11:52:40 [notice] 34#34: exiting
2024/06/10 11:52:40 [notice] 36#36: exiting
2024/06/10 11:52:40 [notice] 35#35: exiting
2024/06/10 11:52:40 [notice] 37#37: exiting
2024/06/10 11:52:40 [notice] 38#38: exiting
2024/06/10 11:52:40 [notice] 39#39: exiting
2024/06/10 11:52:40 [notice] 40#40: exiting
2024/06/10 11:52:40 [notice] 29#29: exit
2024/06/10 11:52:40 [notice] 30#30: exit
2024/06/10 11:52:40 [notice] 31#31: exit
2024/06/10 11:52:40 [notice] 33#33: exit
2024/06/10 11:52:40 [notice] 34#34: exit
2024/06/10 11:52:40 [notice] 36#36: exit
2024/06/10 11:52:40 [notice] 35#35: exit
2024/06/10 11:52:40 [notice] 37#37: exit
2024/06/10 11:52:40 [notice] 38#38: exit
2024/06/10 11:52:40 [notice] 39#39: exit
2024/06/10 11:52:40 [notice] 40#40: exit
2024/06/10 11:52:40 [notice] 1#1: signal 17 (SIGCHLD) received from 37
2024/06/10 11:52:40 [notice] 1#1: worker process 37 exited with code 0
2024/06/10 11:52:40 [notice] 1#1: signal 29 (SIGIO) received
2024/06/10 11:52:40 [notice] 1#1: signal 17 (SIGCHLD) received from 30
2024/06/10 11:52:40 [notice] 1#1: worker process 30 exited with code 0
2024/06/10 11:52:40 [notice] 1#1: worker process 36 exited with code 0
2024/06/10 11:52:40 [notice] 1#1: signal 29 (SIGIO) received
2024/06/10 11:52:40 [notice] 1#1: signal 17 (SIGCHLD) received from 35
2024/06/10 11:52:40 [notice] 1#1: worker process 31 exited with code 0
2024/06/10 11:52:40 [notice] 1#1: worker process 32 exited with code 0
2024/06/10 11:52:40 [notice] 1#1: worker process 33 exited with code 0
2024/06/10 11:52:40 [notice] 1#1: worker process 35 exited with code 0
2024/06/10 11:52:40 [notice] 1#1: worker process 39 exited with code 0
2024/06/10 11:52:40 [notice] 1#1: worker process 40 exited with code 0
2024/06/10 11:52:40 [notice] 1#1: signal 29 (SIGIO) received
2024/06/10 11:52:40 [notice] 1#1: signal 17 (SIGCHLD) received from 40
2024/06/10 11:52:40 [notice] 1#1: signal 17 (SIGCHLD) received from 38
2024/06/10 11:52:40 [notice] 1#1: worker process 29 exited with code 0
2024/06/10 11:52:40 [notice] 1#1: worker process 34 exited with code 0
2024/06/10 11:52:40 [notice] 1#1: worker process 38 exited with code 0
2024/06/10 11:52:40 [notice] 1#1: exit
2024/06/10 11:53:01 [notice] 1#1: using the "epoll" event method
2024/06/10 11:53:01 [notice] 1#1: nginx/1.27.0
2024/06/10 11:53:01 [notice] 1#1: built by gcc 13.2.1 20231014 (Alpine 13.2.1_git20231014) 
2024/06/10 11:53:01 [notice] 1#1: OS: Linux 5.15.146.1-microsoft-standard-WSL2
2024/06/10 11:53:01 [notice] 1#1: getrlimit(RLIMIT_NOFILE): 1048576:1048576
2024/06/10 11:53:01 [notice] 1#1: start worker processes
2024/06/10 11:53:01 [notice] 1#1: start worker process 29
2024/06/10 11:53:01 [notice] 1#1: start worker process 30
2024/06/10 11:53:01 [notice] 1#1: start worker process 31
2024/06/10 11:53:01 [notice] 1#1: start worker process 32
2024/06/10 11:53:01 [notice] 1#1: start worker process 33
2024/06/10 11:53:01 [notice] 1#1: start worker process 34
2024/06/10 11:53:01 [notice] 1#1: start worker process 35
2024/06/10 11:53:01 [notice] 1#1: start worker process 36
2024/06/10 11:53:01 [notice] 1#1: start worker process 37
2024/06/10 11:53:01 [notice] 1#1: start worker process 38
2024/06/10 11:53:01 [notice] 1#1: start worker process 39
2024/06/10 11:53:01 [notice] 1#1: start worker process 40
2024/06/11 12:31:25 [notice] 1#1: using the "epoll" event method
2024/06/11 12:31:25 [notice] 1#1: nginx/1.27.0
2024/06/11 12:31:25 [notice] 1#1: built by gcc 13.2.1 20231014 (Alpine 13.2.1_git20231014) 
2024/06/11 12:31:25 [notice] 1#1: OS: Linux 5.15.146.1-microsoft-standard-WSL2
2024/06/11 12:31:25 [notice] 1#1: getrlimit(RLIMIT_NOFILE): 1048576:1048576
2024/06/11 12:31:25 [notice] 1#1: start worker processes
2024/06/11 12:31:25 [notice] 1#1: start worker process 29
2024/06/11 12:31:25 [notice] 1#1: start worker process 30
2024/06/11 12:31:25 [notice] 1#1: start worker process 31
2024/06/11 12:31:25 [notice] 1#1: start worker process 32
2024/06/11 12:31:25 [notice] 1#1: start worker process 33
2024/06/11 12:31:25 [notice] 1#1: start worker process 34
2024/06/11 12:31:25 [notice] 1#1: start worker process 35
2024/06/11 12:31:25 [notice] 1#1: start worker process 36
2024/06/11 12:31:25 [notice] 1#1: start worker process 37
2024/06/11 12:31:25 [notice] 1#1: start worker process 38
2024/06/11 12:31:25 [notice] 1#1: start worker process 39
2024/06/11 12:31:25 [notice] 1#1: start worker process 40
2024/06/11 17:12:23 [notice] 1#1: using the "epoll" event method
2024/06/11 17:12:23 [notice] 1#1: nginx/1.27.0
2024/06/11 17:12:23 [notice] 1#1: built by gcc 13.2.1 20231014 (Alpine 13.2.1_git20231014) 
2024/06/11 17:12:23 [notice] 1#1: OS: Linux 5.15.146.1-microsoft-standard-WSL2
2024/06/11 17:12:23 [notice] 1#1: getrlimit(RLIMIT_NOFILE): 1048576:1048576
2024/06/11 17:12:23 [notice] 1#1: start worker processes
2024/06/11 17:12:23 [notice] 1#1: start worker process 29
2024/06/11 17:12:23 [notice] 1#1: start worker process 30
2024/06/11 17:12:23 [notice] 1#1: start worker process 31
2024/06/11 17:12:23 [notice] 1#1: start worker process 32
2024/06/11 17:12:23 [notice] 1#1: start worker process 33
2024/06/11 17:12:23 [notice] 1#1: start worker process 34
2024/06/11 17:12:23 [notice] 1#1: start worker process 35
2024/06/11 17:12:23 [notice] 1#1: start worker process 36
2024/06/11 17:12:23 [notice] 1#1: start worker process 37
2024/06/11 17:12:23 [notice] 1#1: start worker process 38
2024/06/11 17:12:23 [notice] 1#1: start worker process 39
2024/06/11 17:12:23 [notice] 1#1: start worker process 40
2024/06/11 19:02:17 [notice] 1#1: signal 3 (SIGQUIT) received, shutting down
2024/06/11 19:02:17 [notice] 30#30: gracefully shutting down
2024/06/11 19:02:17 [notice] 37#37: gracefully shutting down
2024/06/11 19:02:17 [notice] 38#38: gracefully shutting down
2024/06/11 19:02:17 [notice] 39#39: gracefully shutting down
2024/06/11 19:02:17 [notice] 29#29: gracefully shutting down
2024/06/11 19:02:17 [notice] 32#32: gracefully shutting down
2024/06/11 19:02:17 [notice] 33#33: gracefully shutting down
2024/06/11 19:02:17 [notice] 35#35: gracefully shutting down
2024/06/11 19:02:17 [notice] 31#31: gracefully shutting down
2024/06/11 19:02:17 [notice] 40#40: gracefully shutting down
2024/06/11 19:02:17 [notice] 36#36: gracefully shutting down
2024/06/11 19:02:17 [notice] 34#34: gracefully shutting down
2024/06/11 19:02:17 [notice] 30#30: exiting
2024/06/11 19:02:17 [notice] 37#37: exiting
2024/06/11 19:02:17 [notice] 38#38: exiting
2024/06/11 19:02:17 [notice] 39#39: exiting
2024/06/11 19:02:17 [notice] 32#32: exiting
2024/06/11 19:02:17 [notice] 29#29: exiting
2024/06/11 19:02:17 [notice] 35#35: exiting
2024/06/11 19:02:17 [notice] 33#33: exiting
2024/06/11 19:02:17 [notice] 32#32: exit
2024/06/11 19:02:17 [notice] 31#31: exiting
2024/06/11 19:02:17 [notice] 40#40: exiting
2024/06/11 19:02:17 [notice] 36#36: exiting
2024/06/11 19:02:17 [notice] 34#34: exiting
2024/06/11 19:02:17 [notice] 39#39: exit
2024/06/11 19:02:17 [notice] 34#34: exit
2024/06/11 19:02:17 [notice] 38#38: exit
2024/06/11 19:02:17 [notice] 30#30: exit
2024/06/11 19:02:17 [notice] 37#37: exit
2024/06/11 19:02:17 [notice] 33#33: exit
2024/06/11 19:02:17 [notice] 35#35: exit
2024/06/11 19:02:17 [notice] 29#29: exit
2024/06/11 19:02:17 [notice] 31#31: exit
2024/06/11 19:02:17 [notice] 40#40: exit
2024/06/11 19:02:17 [notice] 36#36: exit
2024/06/11 19:02:17 [notice] 1#1: signal 17 (SIGCHLD) received from 31
2024/06/11 19:02:17 [notice] 1#1: worker process 29 exited with code 0
2024/06/11 19:02:17 [notice] 1#1: worker process 31 exited with code 0
2024/06/11 19:02:17 [notice] 1#1: worker process 32 exited with code 0
2024/06/11 19:02:17 [notice] 1#1: signal 29 (SIGIO) received
2024/06/11 19:02:17 [notice] 1#1: signal 17 (SIGCHLD) received from 34
2024/06/11 19:02:17 [notice] 1#1: worker process 34 exited with code 0
2024/06/11 19:02:17 [notice] 1#1: worker process 35 exited with code 0
2024/06/11 19:02:17 [notice] 1#1: signal 29 (SIGIO) received
2024/06/11 19:02:17 [notice] 1#1: signal 17 (SIGCHLD) received from 33
2024/06/11 19:02:17 [notice] 1#1: worker process 33 exited with code 0
2024/06/11 19:02:17 [notice] 1#1: worker process 38 exited with code 0
2024/06/11 19:02:17 [notice] 1#1: signal 29 (SIGIO) received
2024/06/11 19:02:17 [notice] 1#1: signal 17 (SIGCHLD) received from 39
2024/06/11 19:02:17 [notice] 1#1: worker process 39 exited with code 0
2024/06/11 19:02:17 [notice] 1#1: signal 29 (SIGIO) received
2024/06/11 19:02:17 [notice] 1#1: signal 17 (SIGCHLD) received from 37
2024/06/11 19:02:17 [notice] 1#1: worker process 36 exited with code 0
2024/06/11 19:02:17 [notice] 1#1: worker process 37 exited with code 0
2024/06/11 19:02:17 [notice] 1#1: worker process 40 exited with code 0
2024/06/11 19:02:17 [notice] 1#1: signal 29 (SIGIO) received
2024/06/11 19:02:17 [notice] 1#1: signal 17 (SIGCHLD) received from 40
2024/06/11 19:02:17 [notice] 1#1: signal 17 (SIGCHLD) received from 30
2024/06/11 19:02:17 [notice] 1#1: worker process 30 exited with code 0
2024/06/11 19:02:17 [notice] 1#1: exit
2024/06/11 19:02:23 [notice] 1#1: using the "epoll" event method
2024/06/11 19:02:23 [notice] 1#1: nginx/1.27.0
2024/06/11 19:02:23 [notice] 1#1: built by gcc 13.2.1 20231014 (Alpine 13.2.1_git20231014) 
2024/06/11 19:02:23 [notice] 1#1: OS: Linux 5.15.146.1-microsoft-standard-WSL2
2024/06/11 19:02:23 [notice] 1#1: getrlimit(RLIMIT_NOFILE): 1048576:1048576
2024/06/11 19:02:23 [notice] 1#1: start worker processes
2024/06/11 19:02:23 [notice] 1#1: start worker process 29
2024/06/11 19:02:23 [notice] 1#1: start worker process 30
2024/06/11 19:02:23 [notice] 1#1: start worker process 31
2024/06/11 19:02:23 [notice] 1#1: start worker process 32
2024/06/11 19:02:23 [notice] 1#1: start worker process 33
2024/06/11 19:02:23 [notice] 1#1: start worker process 34
2024/06/11 19:02:23 [notice] 1#1: start worker process 35
2024/06/11 19:02:23 [notice] 1#1: start worker process 36
2024/06/11 19:02:23 [notice] 1#1: start worker process 37
2024/06/11 19:02:23 [notice] 1#1: start worker process 38
2024/06/11 19:02:23 [notice] 1#1: start worker process 39
2024/06/11 19:02:23 [notice] 1#1: start worker process 40
2024/06/11 19:02:28 [error] 30#30: *2 open() "/var/www/html/favicon.ico" failed (2: No such file or directory), client: 172.20.0.1, server: , request: "GET /favicon.ico HTTP/1.1", host: "localhost:8080", referrer: "http://localhost:8080/"
2024/06/11 19:18:20 [notice] 1#1: signal 3 (SIGQUIT) received, shutting down
2024/06/11 19:18:20 [notice] 31#31: gracefully shutting down
2024/06/11 19:18:20 [notice] 32#32: gracefully shutting down
2024/06/11 19:18:20 [notice] 30#30: gracefully shutting down
2024/06/11 19:18:20 [notice] 35#35: gracefully shutting down
2024/06/11 19:18:20 [notice] 29#29: gracefully shutting down
2024/06/11 19:18:20 [notice] 33#33: gracefully shutting down
2024/06/11 19:18:20 [notice] 34#34: gracefully shutting down
2024/06/11 19:18:20 [notice] 36#36: gracefully shutting down
2024/06/11 19:18:20 [notice] 37#37: gracefully shutting down
2024/06/11 19:18:20 [notice] 38#38: gracefully shutting down
2024/06/11 19:18:20 [notice] 39#39: gracefully shutting down
2024/06/11 19:18:20 [notice] 40#40: gracefully shutting down
2024/06/11 19:18:20 [notice] 31#31: exiting
2024/06/11 19:18:20 [notice] 40#40: exiting
2024/06/11 19:18:20 [notice] 32#32: exiting
2024/06/11 19:18:20 [notice] 30#30: exiting
2024/06/11 19:18:20 [notice] 35#35: exiting
2024/06/11 19:18:20 [notice] 30#30: exit
2024/06/11 19:18:20 [notice] 29#29: exiting
2024/06/11 19:18:20 [notice] 33#33: exiting
2024/06/11 19:18:20 [notice] 34#34: exiting
2024/06/11 19:18:20 [notice] 36#36: exiting
2024/06/11 19:18:20 [notice] 37#37: exiting
2024/06/11 19:18:20 [notice] 38#38: exiting
2024/06/11 19:18:20 [notice] 39#39: exiting
2024/06/11 19:18:20 [notice] 31#31: exit
2024/06/11 19:18:20 [notice] 40#40: exit
2024/06/11 19:18:20 [notice] 32#32: exit
2024/06/11 19:18:20 [notice] 35#35: exit
2024/06/11 19:18:20 [notice] 29#29: exit
2024/06/11 19:18:20 [notice] 33#33: exit
2024/06/11 19:18:20 [notice] 34#34: exit
2024/06/11 19:18:20 [notice] 36#36: exit
2024/06/11 19:18:20 [notice] 37#37: exit
2024/06/11 19:18:20 [notice] 38#38: exit
2024/06/11 19:18:20 [notice] 39#39: exit
2024/06/11 19:18:20 [notice] 1#1: signal 17 (SIGCHLD) received from 35
2024/06/11 19:18:20 [notice] 1#1: worker process 35 exited with code 0
2024/06/11 19:18:20 [notice] 1#1: signal 29 (SIGIO) received
2024/06/11 19:18:20 [notice] 1#1: signal 17 (SIGCHLD) received from 29
2024/06/11 19:18:20 [notice] 1#1: worker process 29 exited with code 0
2024/06/11 19:18:20 [notice] 1#1: worker process 31 exited with code 0
2024/06/11 19:18:20 [notice] 1#1: worker process 38 exited with code 0
2024/06/11 19:18:20 [notice] 1#1: worker process 39 exited with code 0
2024/06/11 19:18:20 [notice] 1#1: worker process 40 exited with code 0
2024/06/11 19:18:20 [notice] 1#1: signal 29 (SIGIO) received
2024/06/11 19:18:20 [notice] 1#1: signal 17 (SIGCHLD) received from 40
2024/06/11 19:18:20 [notice] 1#1: signal 17 (SIGCHLD) received from 33
2024/06/11 19:18:20 [notice] 1#1: worker process 33 exited with code 0
2024/06/11 19:18:20 [notice] 1#1: signal 29 (SIGIO) received
2024/06/11 19:18:20 [notice] 1#1: signal 17 (SIGCHLD) received from 36
2024/06/11 19:18:20 [notice] 1#1: worker process 30 exited with code 0
2024/06/11 19:18:20 [notice] 1#1: worker process 32 exited with code 0
2024/06/11 19:18:20 [notice] 1#1: worker process 36 exited with code 0
2024/06/11 19:18:20 [notice] 1#1: worker process 37 exited with code 0
2024/06/11 19:18:20 [notice] 1#1: signal 29 (SIGIO) received
2024/06/11 19:18:20 [notice] 1#1: signal 17 (SIGCHLD) received from 30
2024/06/11 19:18:20 [notice] 1#1: signal 17 (SIGCHLD) received from 34
2024/06/11 19:18:20 [notice] 1#1: worker process 34 exited with code 0
2024/06/11 19:18:20 [notice] 1#1: exit
2024/06/11 19:18:21 [notice] 1#1: using the "epoll" event method
2024/06/11 19:18:21 [notice] 1#1: nginx/1.27.0
2024/06/11 19:18:21 [notice] 1#1: built by gcc 13.2.1 20231014 (Alpine 13.2.1_git20231014) 
2024/06/11 19:18:21 [notice] 1#1: OS: Linux 5.15.146.1-microsoft-standard-WSL2
2024/06/11 19:18:21 [notice] 1#1: getrlimit(RLIMIT_NOFILE): 1048576:1048576
2024/06/11 19:18:21 [notice] 1#1: start worker processes
2024/06/11 19:18:21 [notice] 1#1: start worker process 29
2024/06/11 19:18:21 [notice] 1#1: start worker process 30
2024/06/11 19:18:21 [notice] 1#1: start worker process 31
2024/06/11 19:18:21 [notice] 1#1: start worker process 32
2024/06/11 19:18:21 [notice] 1#1: start worker process 33
2024/06/11 19:18:21 [notice] 1#1: start worker process 34
2024/06/11 19:18:21 [notice] 1#1: start worker process 35
2024/06/11 19:18:21 [notice] 1#1: start worker process 36
2024/06/11 19:18:21 [notice] 1#1: start worker process 37
2024/06/11 19:18:21 [notice] 1#1: start worker process 38
2024/06/11 19:18:21 [notice] 1#1: start worker process 39
2024/06/11 19:18:21 [notice] 1#1: start worker process 40
2024/06/11 21:02:58 [notice] 1#1: signal 3 (SIGQUIT) received, shutting down
2024/06/11 21:02:58 [notice] 29#29: gracefully shutting down
2024/06/11 21:02:58 [notice] 39#39: gracefully shutting down
2024/06/11 21:02:58 [notice] 38#38: gracefully shutting down
2024/06/11 21:02:58 [notice] 40#40: gracefully shutting down
2024/06/11 21:02:58 [notice] 35#35: gracefully shutting down
2024/06/11 21:02:58 [notice] 37#37: gracefully shutting down
2024/06/11 21:02:58 [notice] 36#36: gracefully shutting down
2024/06/11 21:02:58 [notice] 30#30: gracefully shutting down
2024/06/11 21:02:58 [notice] 33#33: gracefully shutting down
2024/06/11 21:02:58 [notice] 34#34: gracefully shutting down
2024/06/11 21:02:58 [notice] 32#32: gracefully shutting down
2024/06/11 21:02:58 [notice] 31#31: gracefully shutting down
2024/06/11 21:02:58 [notice] 29#29: exiting
2024/06/11 21:02:58 [notice] 39#39: exiting
2024/06/11 21:02:58 [notice] 38#38: exiting
2024/06/11 21:02:58 [notice] 40#40: exiting
2024/06/11 21:02:58 [notice] 37#37: exiting
2024/06/11 21:02:58 [notice] 30#30: exiting
2024/06/11 21:02:58 [notice] 35#35: exiting
2024/06/11 21:02:58 [notice] 32#32: exiting
2024/06/11 21:02:58 [notice] 33#33: exiting
2024/06/11 21:02:58 [notice] 34#34: exiting
2024/06/11 21:02:58 [notice] 36#36: exiting
2024/06/11 21:02:58 [notice] 32#32: exit
2024/06/11 21:02:58 [notice] 31#31: exiting
2024/06/11 21:02:58 [notice] 30#30: exit
2024/06/11 21:02:58 [notice] 34#34: exit
2024/06/11 21:02:58 [notice] 40#40: exit
2024/06/11 21:02:58 [notice] 39#39: exit
2024/06/11 21:02:58 [notice] 36#36: exit
2024/06/11 21:02:58 [notice] 37#37: exit
2024/06/11 21:02:58 [notice] 29#29: exit
2024/06/11 21:02:58 [notice] 38#38: exit
2024/06/11 21:02:58 [notice] 33#33: exit
2024/06/11 21:02:58 [notice] 35#35: exit
2024/06/11 21:02:58 [notice] 31#31: exit
2024/06/11 21:02:58 [notice] 1#1: signal 17 (SIGCHLD) received from 29
2024/06/11 21:02:58 [notice] 1#1: worker process 29 exited with code 0
2024/06/11 21:02:58 [notice] 1#1: worker process 38 exited with code 0
2024/06/11 21:02:58 [notice] 1#1: signal 29 (SIGIO) received
2024/06/11 21:02:58 [notice] 1#1: signal 17 (SIGCHLD) received from 38
2024/06/11 21:02:58 [notice] 1#1: signal 17 (SIGCHLD) received from 32
2024/06/11 21:02:58 [notice] 1#1: worker process 32 exited with code 0
2024/06/11 21:02:58 [notice] 1#1: signal 29 (SIGIO) received
2024/06/11 21:02:58 [notice] 1#1: signal 17 (SIGCHLD) received from 37
2024/06/11 21:02:58 [notice] 1#1: worker process 36 exited with code 0
2024/06/11 21:02:58 [notice] 1#1: worker process 37 exited with code 0
2024/06/11 21:02:58 [notice] 1#1: signal 29 (SIGIO) received
2024/06/11 21:02:58 [notice] 1#1: signal 17 (SIGCHLD) received from 36
2024/06/11 21:02:58 [notice] 1#1: signal 17 (SIGCHLD) received from 39
2024/06/11 21:02:58 [notice] 1#1: worker process 31 exited with code 0
2024/06/11 21:02:58 [notice] 1#1: worker process 39 exited with code 0
2024/06/11 21:02:58 [notice] 1#1: signal 29 (SIGIO) received
2024/06/11 21:02:58 [notice] 1#1: signal 17 (SIGCHLD) received from 30
2024/06/11 21:02:58 [notice] 1#1: worker process 30 exited with code 0
2024/06/11 21:02:58 [notice] 1#1: signal 29 (SIGIO) received
2024/06/11 21:02:58 [notice] 1#1: signal 17 (SIGCHLD) received from 35
2024/06/11 21:02:58 [notice] 1#1: worker process 33 exited with code 0
2024/06/11 21:02:58 [notice] 1#1: worker process 35 exited with code 0
2024/06/11 21:02:58 [notice] 1#1: worker process 40 exited with code 0
2024/06/11 21:02:58 [notice] 1#1: signal 29 (SIGIO) received
2024/06/11 21:02:58 [notice] 1#1: signal 17 (SIGCHLD) received from 33
2024/06/11 21:02:58 [notice] 1#1: signal 17 (SIGCHLD) received from 34
2024/06/11 21:02:58 [notice] 1#1: worker process 34 exited with code 0
2024/06/11 21:02:58 [notice] 1#1: exit
2024/06/12 07:32:15 [notice] 1#1: using the "epoll" event method
2024/06/12 07:32:15 [notice] 1#1: nginx/1.27.0
2024/06/12 07:32:15 [notice] 1#1: built by gcc 13.2.1 20231014 (Alpine 13.2.1_git20231014) 
2024/06/12 07:32:15 [notice] 1#1: OS: Linux 5.15.146.1-microsoft-standard-WSL2
2024/06/12 07:32:15 [notice] 1#1: getrlimit(RLIMIT_NOFILE): 1048576:1048576
2024/06/12 07:32:15 [notice] 1#1: start worker processes
2024/06/12 07:32:15 [notice] 1#1: start worker process 29
2024/06/12 07:32:15 [notice] 1#1: start worker process 30
2024/06/12 07:32:15 [notice] 1#1: start worker process 31
2024/06/12 07:32:15 [notice] 1#1: start worker process 32
2024/06/12 07:32:15 [notice] 1#1: start worker process 33
2024/06/12 07:32:15 [notice] 1#1: start worker process 34
2024/06/12 07:32:15 [notice] 1#1: start worker process 35
2024/06/12 07:32:15 [notice] 1#1: start worker process 36
2024/06/12 07:32:15 [notice] 1#1: start worker process 37
2024/06/12 07:32:15 [notice] 1#1: start worker process 38
2024/06/12 07:32:15 [notice] 1#1: start worker process 39
2024/06/12 07:32:15 [notice] 1#1: start worker process 40
2024/06/16 12:24:42 [notice] 1#1: using the "epoll" event method
2024/06/16 12:24:42 [notice] 1#1: nginx/1.27.0
2024/06/16 12:24:42 [notice] 1#1: built by gcc 13.2.1 20231014 (Alpine 13.2.1_git20231014) 
2024/06/16 12:24:42 [notice] 1#1: OS: Linux 5.15.146.1-microsoft-standard-WSL2
2024/06/16 12:24:42 [notice] 1#1: getrlimit(RLIMIT_NOFILE): 1048576:1048576
2024/06/16 12:24:42 [notice] 1#1: start worker processes
2024/06/16 12:24:42 [notice] 1#1: start worker process 29
2024/06/16 12:24:42 [notice] 1#1: start worker process 30
2024/06/16 12:24:42 [notice] 1#1: start worker process 31
2024/06/16 12:24:42 [notice] 1#1: start worker process 32
2024/06/16 12:24:42 [notice] 1#1: start worker process 33
2024/06/16 12:24:42 [notice] 1#1: start worker process 34
2024/06/16 12:24:42 [notice] 1#1: start worker process 35
2024/06/16 12:24:42 [notice] 1#1: start worker process 36
2024/06/16 12:24:42 [notice] 1#1: start worker process 37
2024/06/16 12:24:42 [notice] 1#1: start worker process 38
2024/06/16 12:24:42 [notice] 1#1: start worker process 39
2024/06/16 12:24:42 [notice] 1#1: start worker process 40
2024/06/16 12:24:47 [error] 29#29: *1 FastCGI sent in stderr: "Primary script unknown" while reading response header from upstream, client: 172.18.0.1, server: , request: "GET / HTTP/1.1", upstream: "fastcgi://172.18.0.2:9000", host: "localhost:8080"
2024/06/16 12:24:47 [error] 29#29: *1 open() "/var/www/html/favicon.ico" failed (2: No such file or directory), client: 172.18.0.1, server: , request: "GET /favicon.ico HTTP/1.1", host: "localhost:8080", referrer: "http://localhost:8080/"
2024/06/16 13:03:21 [notice] 1#1: using the "epoll" event method
2024/06/16 13:03:21 [notice] 1#1: nginx/1.27.0
2024/06/16 13:03:21 [notice] 1#1: built by gcc 13.2.1 20231014 (Alpine 13.2.1_git20231014) 
2024/06/16 13:03:21 [notice] 1#1: OS: Linux 5.15.146.1-microsoft-standard-WSL2
2024/06/16 13:03:21 [notice] 1#1: getrlimit(RLIMIT_NOFILE): 1048576:1048576
2024/06/16 13:03:21 [notice] 1#1: start worker processes
2024/06/16 13:03:21 [notice] 1#1: start worker process 29
2024/06/16 13:03:21 [notice] 1#1: start worker process 30
2024/06/16 13:03:21 [notice] 1#1: start worker process 31
2024/06/16 13:03:21 [notice] 1#1: start worker process 32
2024/06/16 13:03:21 [notice] 1#1: start worker process 33
2024/06/16 13:03:21 [notice] 1#1: start worker process 34
2024/06/16 13:03:21 [notice] 1#1: start worker process 35
2024/06/16 13:03:21 [notice] 1#1: start worker process 36
2024/06/16 13:03:21 [notice] 1#1: start worker process 37
2024/06/16 13:03:21 [notice] 1#1: start worker process 38
2024/06/16 13:03:21 [notice] 1#1: start worker process 39
2024/06/16 13:03:21 [notice] 1#1: start worker process 40
2024/06/16 13:03:27 [error] 29#29: *2 open() "/var/www/html/favicon.ico" failed (2: No such file or directory), client: 172.18.0.1, server: , request: "GET /favicon.ico HTTP/1.1", host: "localhost:8080", referrer: "http://localhost:8080/"
2024/06/17 20:03:59 [notice] 1#1: using the "epoll" event method
2024/06/17 20:03:59 [notice] 1#1: nginx/1.27.0
2024/06/17 20:03:59 [notice] 1#1: built by gcc 13.2.1 20231014 (Alpine 13.2.1_git20231014) 
2024/06/17 20:03:59 [notice] 1#1: OS: Linux 5.15.146.1-microsoft-standard-WSL2
2024/06/17 20:03:59 [notice] 1#1: getrlimit(RLIMIT_NOFILE): 1048576:1048576
2024/06/17 20:03:59 [notice] 1#1: start worker processes
2024/06/17 20:03:59 [notice] 1#1: start worker process 29
2024/06/17 20:03:59 [notice] 1#1: start worker process 30
2024/06/17 20:03:59 [notice] 1#1: start worker process 31
2024/06/17 20:03:59 [notice] 1#1: start worker process 32
2024/06/17 20:03:59 [notice] 1#1: start worker process 33
2024/06/17 20:03:59 [notice] 1#1: start worker process 34
2024/06/17 20:03:59 [notice] 1#1: start worker process 35
2024/06/17 20:03:59 [notice] 1#1: start worker process 36
2024/06/17 20:03:59 [notice] 1#1: start worker process 37
2024/06/17 20:03:59 [notice] 1#1: start worker process 38
2024/06/17 20:03:59 [notice] 1#1: start worker process 39
2024/06/17 20:03:59 [notice] 1#1: start worker process 40
2024/06/17 20:04:07 [error] 31#31: *2 open() "/var/www/html/favicon.ico" failed (2: No such file or directory), client: 172.20.0.1, server: , request: "GET /favicon.ico HTTP/1.1", host: "localhost:8080", referrer: "http://localhost:8080/"
2024/06/18 08:55:21 [notice] 1#1: using the "epoll" event method
2024/06/18 08:55:21 [notice] 1#1: nginx/1.27.0
2024/06/18 08:55:21 [notice] 1#1: built by gcc 13.2.1 20231014 (Alpine 13.2.1_git20231014) 
2024/06/18 08:55:21 [notice] 1#1: OS: Linux 5.15.146.1-microsoft-standard-WSL2
2024/06/18 08:55:21 [notice] 1#1: getrlimit(RLIMIT_NOFILE): 1048576:1048576
2024/06/18 08:55:21 [notice] 1#1: start worker processes
2024/06/18 08:55:21 [notice] 1#1: start worker process 29
2024/06/18 08:55:21 [notice] 1#1: start worker process 30
2024/06/18 08:55:21 [notice] 1#1: start worker process 31
2024/06/18 08:55:21 [notice] 1#1: start worker process 32
2024/06/18 08:55:21 [notice] 1#1: start worker process 33
2024/06/18 08:55:21 [notice] 1#1: start worker process 34
2024/06/18 08:55:21 [notice] 1#1: start worker process 35
2024/06/18 08:55:21 [notice] 1#1: start worker process 36
2024/06/18 08:55:21 [notice] 1#1: start worker process 37
2024/06/18 08:55:21 [notice] 1#1: start worker process 38
2024/06/18 08:55:21 [notice] 1#1: start worker process 39
2024/06/18 08:55:21 [notice] 1#1: start worker process 40
